<?xml version="1.0" encoding="UTF-8"?>
<testsuite xmlns:xsi="http://www.w3.org/2001/XMLSchema-instance" xsi:noNamespaceSchemaLocation="https://maven.apache.org/surefire/maven-surefire-plugin/xsd/surefire-test-report-3.0.xsd" version="3.0" name="com.badgersoft.raytrace.elements.NormalTest" time="0.017" tests="10" errors="0" skipped="0" failures="0">
  <properties>
[...]
</properties>
  <testcase name="testNormalOnTransformedSphere" classname="com.badgersoft.raytrace.elements.NormalTest" time="0.003"/>
  <testcase name="testNormalOnPlane" classname="com.badgersoft.raytrace.elements.NormalTest" time="0.004"/>
  <testcase name="testNormalOnTranslatedSphere" classname="com.badgersoft.raytrace.elements.NormalTest" time="0.003"/>
  <testcase name="testNormalOnSphereAtNonaxialPoint" classname="com.badgersoft.raytrace.elements.NormalTest" time="0"/>
  <testcase name="testReflectingVector" classname="com.badgersoft.raytrace.elements.NormalTest" time="0"/>
  <testcase name="testNormalOnSphereAtPointOnXAxis" classname="com.badgersoft.raytrace.elements.NormalTest" time="0.001"/>
  <testcase name="testNormalOnSphereAtPointOnYAxis" classname="com.badgersoft.raytrace.elements.NormalTest" time="0"/>
  <testcase name="testNormalOnSphereAtPointOnZAxis" classname="com.badgersoft.raytrace.elements.NormalTest" time="0.001"/>
  <testcase name="testNormalIsNormalized" classname="com.badgersoft.raytrace.elements.NormalTest" time="0.001"/>
  <testcase name="testReflectingVectorOffSlantedSurface" classname="com.badgersoft.raytrace.elements.NormalTest" time="0"/>
</testsuite>